Performing C SOURCE FILE Test CMAKE_HAVE_LIBC_PTHREAD failed with the following output:
Change Dir: /home/local.isima.fr/enmagal/tp_1/build/CMakeFiles/CMakeTmp

Run Build Command(s):/usr/bin/gmake cmTC_51887/fast && /usr/bin/gmake  -f CMakeFiles/cmTC_51887.dir/build.make CMakeFiles/cmTC_51887.dir/build
gmake[1] : on entre dans le répertoire « /home/local.isima.fr/enmagal/tp_1/build/CMakeFiles/CMakeTmp »
Building C object CMakeFiles/cmTC_51887.dir/src.c.o
/usr/bin/cc   -DCMAKE_HAVE_LIBC_PTHREAD -o CMakeFiles/cmTC_51887.dir/src.c.o -c /home/local.isima.fr/enmagal/tp_1/build/CMakeFiles/CMakeTmp/src.c
Linking C executable cmTC_51887
/usr/bin/cmake -E cmake_link_script CMakeFiles/cmTC_51887.dir/link.txt --verbose=1
/usr/bin/cc  -DCMAKE_HAVE_LIBC_PTHREAD -rdynamic CMakeFiles/cmTC_51887.dir/src.c.o -o cmTC_51887 
/usr/bin/ld : CMakeFiles/cmTC_51887.dir/src.c.o : dans la fonction « main » :
src.c:(.text+0x2f) : référence indéfinie vers « pthread_create »
/usr/bin/ld : src.c:(.text+0x3b) : référence indéfinie vers « pthread_detach »
/usr/bin/ld : src.c:(.text+0x47) : référence indéfinie vers « pthread_cancel »
/usr/bin/ld : src.c:(.text+0x58) : référence indéfinie vers « pthread_join »
collect2: error: ld returned 1 exit status
gmake[1]: *** [CMakeFiles/cmTC_51887.dir/build.make:106 : cmTC_51887] Erreur 1
gmake[1] : on quitte le répertoire « /home/local.isima.fr/enmagal/tp_1/build/CMakeFiles/CMakeTmp »
gmake: *** [Makefile:140 : cmTC_51887/fast] Erreur 2


Source file was:
#include <pthread.h>

void* test_func(void* data)
{
  return data;
}

int main(void)
{
  pthread_t thread;
  pthread_create(&thread, NULL, test_func, NULL);
  pthread_detach(thread);
  pthread_cancel(thread);
  pthread_join(thread, NULL);
  pthread_atfork(NULL, NULL, NULL);
  pthread_exit(NULL);

  return 0;
}

Determining if the function pthread_create exists in the pthreads failed with the following output:
Change Dir: /home/local.isima.fr/enmagal/tp_1/build/CMakeFiles/CMakeTmp

Run Build Command(s):/usr/bin/gmake cmTC_8bd53/fast && /usr/bin/gmake  -f CMakeFiles/cmTC_8bd53.dir/build.make CMakeFiles/cmTC_8bd53.dir/build
gmake[1] : on entre dans le répertoire « /home/local.isima.fr/enmagal/tp_1/build/CMakeFiles/CMakeTmp »
Building C object CMakeFiles/cmTC_8bd53.dir/CheckFunctionExists.c.o
/usr/bin/cc   -DCHECK_FUNCTION_EXISTS=pthread_create -o CMakeFiles/cmTC_8bd53.dir/CheckFunctionExists.c.o -c /usr/share/cmake-3.18/Modules/CheckFunctionExists.c
Linking C executable cmTC_8bd53
/usr/bin/cmake -E cmake_link_script CMakeFiles/cmTC_8bd53.dir/link.txt --verbose=1
/usr/bin/cc  -DCHECK_FUNCTION_EXISTS=pthread_create -rdynamic CMakeFiles/cmTC_8bd53.dir/CheckFunctionExists.c.o -o cmTC_8bd53  -lpthreads 
/usr/bin/ld : ne peut trouver -lpthreads
collect2: error: ld returned 1 exit status
gmake[1]: *** [CMakeFiles/cmTC_8bd53.dir/build.make:106 : cmTC_8bd53] Erreur 1
gmake[1] : on quitte le répertoire « /home/local.isima.fr/enmagal/tp_1/build/CMakeFiles/CMakeTmp »
gmake: *** [Makefile:140 : cmTC_8bd53/fast] Erreur 2



